<?xml version="1.0" encoding="UTF-8"?>
<!-- Generated by org.testng.reporters.JUnitReportReporter -->
<testsuite hostname="TYSS-Piyush-Baldaniya" failures="0" tests="1" name="extra.DependenciesTest" time="0.006" errors="0" timestamp="2025-03-09T14:31:45 IST" skipped="0">
  <testcase classname="extra.DependenciesTest" name="mainScript" time="0.006">
    <system-out>
      <![CDATA[Test script]]>
    </system-out>
  </testcase> <!-- mainScript -->
  <system-out>
    <![CDATA[
BeforeTest
BeforeClass
Before the test script...
Test script
After the test script...
AfterClass
AfterTest
AfterSuite]]>
  </system-out>
</testsuite> <!-- extra.DependenciesTest -->
