<?xml version="1.0" encoding="UTF-8"?>
<!-- Generated by org.testng.reporters.JUnitReportReporter -->
<testsuite hostname="TYSS-Piyush-Baldaniya" failures="0" tests="1" name="extra.Test1" time="0.007" errors="0" timestamp="2025-03-09T14:39:10 IST" skipped="0">
  <testcase classname="extra.Test1" name="test1" time="0.007">
    <system-out>
      <![CDATA[Test script]]>
    </system-out>
  </testcase> <!-- test1 -->
  <system-out>
    <![CDATA[DB connectivity, Report Configuration
Pre condition
Opening Browser
Login
Test script
Logout
Closing Browser
Post condition
DB close, Report Backup]]>
  </system-out>
</testsuite> <!-- extra.Test1 -->
