<?xml version="1.0" encoding="UTF-8"?>
<!-- Generated by org.testng.reporters.JUnitReportReporter -->
<testsuite hostname="TYSS-Piyush-Baldaniya" failures="0" tests="1" name="orgTest.CreateOrgWithPhoneTest" time="14.565" errors="0" timestamp="2025-03-02T14:37:01 IST" skipped="0">
  <testcase classname="orgTest.CreateOrgWithPhoneTest" name="createOrgWithPhoneTest" time="14.565"/>
  <system-out>
    <![CDATA[Organization created successfully !!!]]>
  </system-out>
</testsuite> <!-- orgTest.CreateOrgWithPhoneTest -->
