<?xml version="1.0" encoding="UTF-8"?>
<!-- Generated by org.testng.reporters.JUnitReportReporter -->
<testsuite hostname="TYSS-Piyush-Baldaniya" failures="0" tests="1" name="orgTest.CreateOrgWithIndTest" time="14.672" errors="0" timestamp="2025-03-09T13:43:14 IST" skipped="0">
  <testcase classname="orgTest.CreateOrgWithIndTest" name="createOrgWithIndustryTest" time="14.672"/>
</testsuite> <!-- orgTest.CreateOrgWithIndTest -->
