<?xml version="1.0" encoding="UTF-8"?>
<!-- Generated by org.testng.reporters.JUnitReportReporter -->
<testsuite hostname="TYSS-Piyush-Baldaniya" failures="0" tests="1" name="orgTest.CreateOrgTest" time="15.507" errors="0" timestamp="2025-03-02T15:56:50 IST" skipped="0">
  <testcase classname="orgTest.CreateOrgTest" name="createOrgTest" time="15.507">
    <system-out>
      <![CDATA[Organization created successfully !!!]]>
    </system-out>
  </testcase> <!-- createOrgTest -->
  <system-out>
    <![CDATA[Organization created successfully !!!]]>
  </system-out>
</testsuite> <!-- orgTest.CreateOrgTest -->
