<?xml version="1.0" encoding="UTF-8"?>
<!-- Generated by org.testng.reporters.JUnitReportReporter -->
<testsuite hostname="TYSS-Piyush-Baldaniya" failures="0" tests="1" name="orgTest.CreateOrgTest" time="42.887" errors="0" timestamp="2025-03-11T21:09:25 IST" skipped="0">
  <testcase classname="orgTest.CreateOrgTest" name="createOrgTest" time="42.887"/>
  <system-out>
    <![CDATA[Organization created successfully !!!]]>
  </system-out>
</testsuite> <!-- orgTest.CreateOrgTest -->
