<?xml version="1.0" encoding="UTF-8"?>
<!-- Generated by org.testng.reporters.JUnitReportReporter -->
<testsuite hostname="TYSS-Piyush-Baldaniya" failures="0" tests="1" name="extra.AdvanceReporting" time="0.012" errors="0" timestamp="2025-03-30T15:02:29 IST" skipped="0">
  <testcase classname="extra.AdvanceReporting" name="advance" time="0.012"/>
</testsuite> <!-- extra.AdvanceReporting -->
