<?xml version="1.0" encoding="UTF-8"?>
<!-- Generated by org.testng.reporters.JUnitReportReporter -->
<testsuite hostname="TYSS-Piyush-Baldaniya" failures="0" tests="1" name="orgTest.CreateOrgWithIndTest" time="14.959" errors="0" timestamp="2025-03-02T14:37:01 IST" skipped="0">
  <testcase classname="orgTest.CreateOrgWithIndTest" name="createOrgWithIndustryTest" time="14.959"/>
  <system-out>
    <![CDATA[Organization created successfully !!!]]>
  </system-out>
</testsuite> <!-- orgTest.CreateOrgWithIndTest -->
