<?xml version="1.0" encoding="UTF-8"?>
<!-- Generated by org.testng.reporters.JUnitReportReporter -->
<testsuite hostname="TYSS-Piyush-Baldaniya" failures="0" tests="1" name="extra.Test3" time="6.932" errors="0" timestamp="2025-03-30T14:27:44 IST" skipped="0">
  <testcase classname="extra.Test3" name="test3" time="6.932">
    <system-out>
      <![CDATA[Test script
test3 got passed successfully !!]]>
    </system-out>
  </testcase> <!-- test3 -->
  <system-out>
    <![CDATA[Test script 2
test2 got passed successfully !!
Test script
test3 got passed successfully !!
Test script
test4 got passed successfully !!]]>
  </system-out>
</testsuite> <!-- extra.Test3 -->
