<?xml version="1.0" encoding="UTF-8"?>
<!-- Generated by org.testng.reporters.JUnitReportReporter -->
<testsuite hostname="TYSS-Piyush-Baldaniya" failures="0" tests="1" name="extra.Test1" time="0.017" errors="0" timestamp="2025-03-30T16:03:07 IST" skipped="0">
  <testcase classname="extra.Test1" name="createOrgTest" time="0.017"/>
</testsuite> <!-- extra.Test1 -->
