<?xml version="1.0" encoding="UTF-8"?>
<!-- Generated by org.testng.reporters.JUnitReportReporter -->
<testsuite hostname="TYSS-Piyush-Baldaniya" failures="0" tests="1" name="orgTest.CreateOrgWithPhoneTest" time="13.921" errors="0" timestamp="2025-03-09T13:43:14 IST" skipped="0">
  <testcase classname="orgTest.CreateOrgWithPhoneTest" name="createOrgWithPhoneTest" time="13.921"/>
</testsuite> <!-- orgTest.CreateOrgWithPhoneTest -->
