<?xml version="1.0" encoding="UTF-8"?>
<!-- Generated by org.testng.reporters.JUnitReportReporter -->
<testsuite hostname="TYSS-Piyush-Baldaniya" failures="0" tests="2" name="orgTest.OrgTest" time="28.431" errors="0" timestamp="2025-03-02T15:46:54 IST" skipped="0">
  <testcase classname="orgTest.OrgTest" name="createOrgWithIndustryTest" time="14.635"/>
  <testcase classname="orgTest.OrgTest" name="createOrgWithPhoneTest" time="13.796"/>
</testsuite> <!-- orgTest.OrgTest -->
