<?xml version="1.0" encoding="UTF-8"?>
<!-- Generated by org.testng.reporters.JUnitReportReporter -->
<testsuite hostname="TYSS-Piyush-Baldaniya" failures="0" tests="1" name="extra.Test2" time="0.005" errors="0" timestamp="2025-03-09T14:39:21 IST" skipped="0">
  <testcase classname="extra.Test2" name="test2" time="0.005">
    <system-out>
      <![CDATA[Test script 2]]>
    </system-out>
  </testcase> <!-- test2 -->
  <system-out>
    <![CDATA[DB connectivity, Report Configuration
Pre condition
Opening Browser
Login
Test script 2
Logout
Closing Browser
Post condition
DB close, Report Backup]]>
  </system-out>
</testsuite> <!-- extra.Test2 -->
